mode: set
gin/delivery/controller/auth_controller.go:17.57,19.53 2 0
gin/delivery/controller/auth_controller.go:19.53,22.3 2 0
gin/delivery/controller/auth_controller.go:23.2,24.16 2 0
gin/delivery/controller/auth_controller.go:24.16,27.3 2 0
gin/delivery/controller/auth_controller.go:28.2,28.43 1 0
gin/delivery/controller/auth_controller.go:31.34,33.2 1 0
gin/delivery/controller/auth_controller.go:35.89,37.2 1 0
gin/delivery/controller/author_controller.go:20.58,23.16 3 1
gin/delivery/controller/author_controller.go:23.16,26.3 2 1
gin/delivery/controller/author_controller.go:27.2,28.28 2 1
gin/delivery/controller/author_controller.go:28.28,30.3 1 1
gin/delivery/controller/author_controller.go:31.2,31.70 1 1
gin/delivery/controller/author_controller.go:34.57,37.16 3 0
gin/delivery/controller/author_controller.go:37.16,40.3 2 0
gin/delivery/controller/author_controller.go:41.2,41.46 1 0
gin/delivery/controller/author_controller.go:44.36,47.2 2 1
gin/delivery/controller/author_controller.go:49.139,55.2 1 1
gin/delivery/controller/task_controller.go:19.58,21.53 2 0
gin/delivery/controller/task_controller.go:21.53,24.3 2 0
gin/delivery/controller/task_controller.go:25.2,26.16 2 0
gin/delivery/controller/task_controller.go:26.16,29.3 2 0
gin/delivery/controller/task_controller.go:30.2,30.49 1 0
gin/delivery/controller/task_controller.go:33.56,37.16 4 0
gin/delivery/controller/task_controller.go:37.16,40.3 2 0
gin/delivery/controller/task_controller.go:41.2,42.26 2 0
gin/delivery/controller/task_controller.go:42.26,44.3 1 0
gin/delivery/controller/task_controller.go:45.2,45.55 1 0
gin/delivery/controller/task_controller.go:48.63,51.16 3 0
gin/delivery/controller/task_controller.go:51.16,54.3 2 0
gin/delivery/controller/task_controller.go:55.2,55.45 1 0
gin/delivery/controller/task_controller.go:58.34,62.2 3 0
gin/delivery/controller/task_controller.go:64.89,69.2 1 0
gin/repository/author_repository.go:20.75,23.16 3 1
gin/repository/author_repository.go:23.16,26.3 2 1
gin/repository/author_repository.go:27.2,27.20 1 1
gin/repository/author_repository.go:30.72,36.25 5 0
gin/repository/author_repository.go:36.25,39.3 1 0
gin/repository/author_repository.go:39.8,42.3 1 0
gin/repository/author_repository.go:44.2,44.16 1 0
gin/repository/author_repository.go:44.16,47.3 2 0
gin/repository/author_repository.go:48.2,48.18 1 0
gin/repository/author_repository.go:48.18,51.17 3 0
gin/repository/author_repository.go:51.17,54.4 2 0
gin/repository/author_repository.go:55.3,56.17 2 0
gin/repository/author_repository.go:56.17,59.4 2 0
gin/repository/author_repository.go:60.3,60.24 1 0
gin/repository/author_repository.go:60.24,63.18 3 0
gin/repository/author_repository.go:63.18,66.5 2 0
gin/repository/author_repository.go:67.4,67.45 1 0
gin/repository/author_repository.go:69.3,69.36 1 0
gin/repository/author_repository.go:71.2,71.21 1 0
gin/repository/author_repository.go:74.65,84.16 3 1
gin/repository/author_repository.go:84.16,87.3 2 1
gin/repository/author_repository.go:88.2,89.16 2 1
gin/repository/author_repository.go:89.16,92.3 2 1
gin/repository/author_repository.go:93.2,93.18 1 1
gin/repository/author_repository.go:93.18,96.17 3 1
gin/repository/author_repository.go:96.17,99.4 2 1
gin/repository/author_repository.go:100.3,100.44 1 1
gin/repository/author_repository.go:102.2,102.20 1 1
gin/repository/author_repository.go:105.55,107.2 1 1
gin/repository/task_repository.go:30.77,33.16 3 1
gin/repository/task_repository.go:33.16,36.3 2 1
gin/repository/task_repository.go:37.2,37.18 1 1
gin/repository/task_repository.go:37.18,47.17 3 1
gin/repository/task_repository.go:47.17,50.4 2 1
gin/repository/task_repository.go:51.3,51.30 1 1
gin/repository/task_repository.go:53.2,53.19 1 1
gin/repository/task_repository.go:56.90,60.16 4 0
gin/repository/task_repository.go:60.16,63.3 2 0
gin/repository/task_repository.go:64.2,64.18 1 0
gin/repository/task_repository.go:64.18,74.17 3 0
gin/repository/task_repository.go:74.17,77.4 2 0
gin/repository/task_repository.go:79.3,79.30 1 0
gin/repository/task_repository.go:82.2,83.85 2 0
gin/repository/task_repository.go:83.85,85.3 1 0
gin/repository/task_repository.go:87.2,93.27 2 0
gin/repository/task_repository.go:96.73,105.16 3 1
gin/repository/task_repository.go:105.16,108.3 2 1
gin/repository/task_repository.go:109.2,113.18 5 1
gin/repository/task_repository.go:116.51,118.2 1 1
gin/testing/greeting.go:15.67,16.23 1 0
gin/testing/greeting.go:16.23,18.3 1 0
gin/testing/greeting.go:19.2,19.39 1 0
gin/testing/greeting.go:22.43,22.72 1 0
gin/testing/greeting_mock.go:11.71,14.2 2 1
gin/usecase/auth_usecase.go:17.86,19.16 2 1
gin/usecase/auth_usecase.go:19.16,21.3 1 0
gin/usecase/auth_usecase.go:22.2,23.16 2 1
gin/usecase/auth_usecase.go:23.16,25.3 1 0
gin/usecase/auth_usecase.go:27.2,27.19 1 1
gin/usecase/auth_usecase.go:30.88,32.2 1 1
gin/usecase/author_usecase.go:18.79,20.2 1 0
gin/usecase/author_usecase.go:22.78,24.2 1 0
gin/usecase/author_usecase.go:26.73,28.2 1 0
gin/usecase/author_usecase.go:30.71,32.2 1 0
gin/usecase/task_usecase.go:21.77,23.2 1 0
gin/usecase/task_usecase.go:25.94,27.2 1 1
gin/usecase/task_usecase.go:29.79,31.16 2 1
gin/usecase/task_usecase.go:31.16,33.3 1 1
gin/usecase/task_usecase.go:34.2,34.50 1 1
gin/usecase/task_usecase.go:34.50,36.3 1 1
gin/usecase/task_usecase.go:37.2,38.16 2 1
gin/usecase/task_usecase.go:38.16,40.3 1 1
gin/usecase/task_usecase.go:41.2,41.18 1 1
gin/usecase/task_usecase.go:44.89,46.2 1 1
